<?xml version="1.0" encoding="UTF-8"?>
<!-- Generated by org.testng.reporters.JUnitXMLReporter -->
<testsuite ignored="0" hostname="Vinothraj" failures="1" tests="7" name="Test" time="15.281" errors="0" timestamp="2022-07-21T18:51:23 IST">
  <testcase classname="com.TestNG.Annotation" name="laptop" time="4.635"/>
  <testcase classname="com.TestNG.Annotation" name="mobiles" time="0.011">
    <skipped/>
  </testcase> <!-- mobiles -->
  <testcase classname="com.TestNG.Annotation" name="mobiles" time="0.004">
    <skipped/>
  </testcase> <!-- mobiles -->
  <testcase classname="com.TestNG.Annotation" name="mobiles" time="0.002">
    <skipped/>
  </testcase> <!-- mobiles -->
  <testcase classname="com.TestNG.Annotation" name="mobiles" time="0.002">
    <skipped/>
  </testcase> <!-- mobiles -->
  <testcase classname="com.TestNG.Annotation" name="mobiles" time="0.002">
    <skipped/>
  </testcase> <!-- mobiles -->
  <testcase classname="com.TestNG.Annotation" name="mobiles" time="0.002">
    <failure type="java.lang.AssertionError" message="expected [Amazon.in : Oppo] but found [Amazon.in : Oppoo]">
      <![CDATA[java.lang.AssertionError: expected [Amazon.in : Oppo] but found [Amazon.in : Oppoo]
at com.TestNG.Annotation.mobiles(Annotation.java:73)
at java.base/java.util.ArrayList.forEach(ArrayList.java:1511)
... Removed 31 stack frames]]>
    </failure>
  </testcase> <!-- mobiles -->
</testsuite> <!-- Test -->
